generation,prey_fitness,predator_fitness,num_alive_end,avg_bb_size,var_bb_size,avg_shortest_dist,swarm_density_count,prey_neurons_connected_prey_retina,prey_neurons_connected_predator_retina,predator_neurons_connected_prey_retina,num_attacks
1,133666.000000,66336.000000,33,1132.026752,142730.394243,36.728625,0.391870,2,3,5,77
1,97458.000000,102544.000000,11,2194.749133,725052.977095,40.316639,0.331794,2,3,5,97
2,121529.000000,78473.000000,24,1164.944989,107216.737081,38.529469,0.387800,2,3,5,84
3,95903.000000,104099.000000,10,4229.746230,5919659.119346,47.299088,0.199201,2,2,5,102
4,103671.000000,96331.000000,16,3870.453351,5613256.441556,39.675281,0.324713,2,2,5,94
5,103711.000000,96291.000000,13,1312.379002,199131.960369,37.050777,0.413178,2,2,5,100
6,112016.000000,87986.000000,19,2523.551184,1580452.387512,36.063079,0.488701,2,2,5,95
7,108505.000000,91497.000000,23,1335.541779,188051.941677,40.545493,0.332102,2,2,5,89
8,105841.000000,94161.000000,16,2252.959826,1456666.462365,40.582152,0.256430,2,2,5,99
9,97176.000000,102826.000000,10,2903.429554,1020702.099562,42.114051,0.270360,2,2,5,103
10,82778.000000,117224.000000,8,8520.301870,29373864.502306,41.430128,0.303652,2,2,5,95
11,102303.000000,97699.000000,11,3101.240405,2161477.304608,41.495896,0.354173,2,2,5,105
12,117154.000000,82848.000000,20,2720.072633,2499593.089526,38.072629,0.361542,2,2,5,101
13,100719.000000,99283.000000,13,2109.582676,995224.559874,43.763142,0.324655,2,2,5,98
14,105606.000000,94396.000000,10,1927.425215,920386.580177,40.317938,0.333382,2,2,5,102
15,96267.000000,103735.000000,10,4241.374311,2058323.773042,48.258354,0.297771,2,2,5,101
16,105718.000000,94284.000000,16,4191.172026,5473168.117605,44.465295,0.236275,2,2,5,99
17,96641.000000,103361.000000,14,6764.045546,17412392.693727,45.647010,0.331417,2,2,5,99
18,100137.000000,99865.000000,19,2782.573863,1043289.047730,39.120332,0.274171,2,2,5,90
19,106069.000000,93933.000000,12,2615.094910,2547581.270224,41.173125,0.262976,2,2,5,101
20,89509.000000,110493.000000,7,9748.261163,39907867.032871,43.384729,0.291698,2,2,5,109
21,103383.000000,96619.000000,13,814.987508,228702.025802,47.834426,0.146590,2,2,5,94
22,105830.000000,94172.000000,12,2082.061334,732465.542679,43.650053,0.247167,2,2,5,102
23,108474.000000,91528.000000,21,6430.299697,17964541.055515,39.450473,0.265259,2,2,5,92
24,111821.000000,88181.000000,22,1559.495741,436578.971551,39.272013,0.284457,2,2,5,89
25,110202.000000,89800.000000,23,1525.581807,318103.888878,39.744273,0.273125,2,2,5,90
26,98298.000000,101704.000000,11,2460.896042,1020788.198929,44.701050,0.261632,2,2,5,101
27,109847.000000,90155.000000,17,3632.620422,12875937.760933,39.688630,0.269491,2,2,5,86
28,108083.000000,91919.000000,13,2438.935805,1361868.740818,41.456363,0.271488,2,2,5,94
29,108816.000000,91186.000000,22,1978.204126,3255113.075533,39.153346,0.389697,2,3,5,84
30,104392.000000,95610.000000,11,1849.421098,928977.589992,41.701431,0.301559,2,3,5,102
31,98135.000000,101867.000000,11,3757.961880,4163183.442716,40.399305,0.268560,2,3,5,103
32,95210.000000,104792.000000,13,3946.650062,5273636.652891,43.628893,0.238985,2,3,5,95
33,99254.000000,100748.000000,15,2274.264409,1362674.786035,42.940599,0.214345,2,3,4,96
34,88559.000000,111443.000000,6,1572.784390,532287.445109,49.099098,0.210268,2,3,4,104
35,101122.000000,98880.000000,9,4227.373705,10124488.713273,42.983587,0.285104,2,3,4,102
36,94048.000000,105954.000000,11,3942.802211,4531506.548994,48.673140,0.269395,2,3,4,108
37,102773.000000,97229.000000,15,1545.788431,734005.483052,39.677704,0.260317,2,3,4,97
38,93425.000000,106577.000000,8,3280.237153,7802393.428113,42.556686,0.359455,2,3,4,104
39,115734.000000,84268.000000,20,1978.726538,386960.422519,39.023246,0.342599,2,3,4,90
40,96495.000000,103507.000000,14,1200.601481,139554.704614,40.226039,0.395296,2,3,4,100
41,92850.000000,107152.000000,10,2102.927888,688573.370001,45.414836,0.212990,2,3,4,97
42,98619.000000,101383.000000,14,2157.478490,1421628.722342,43.919540,0.262824,2,3,4,100
43,94597.000000,105405.000000,14,2326.070147,816179.853869,41.080181,0.300080,2,3,4,99
44,137787.000000,62215.000000,35,2245.701767,4537160.494818,31.330313,0.788673,2,3,4,92
45,108007.000000,91995.000000,17,2196.784534,3381415.393634,37.249228,0.633983,2,3,4,109
46,127600.000000,72402.000000,31,2103.784619,2600156.315652,32.526974,0.770717,2,3,4,89
47,121337.000000,78665.000000,27,2036.000394,2403794.936451,31.791156,0.824523,2,3,4,97
48,128890.000000,71112.000000,33,1491.736299,971183.137127,32.880515,0.676263,2,3,4,90
49,124883.000000,75119.000000,31,2523.192568,3285691.174844,32.736079,0.755589,2,3,4,97
50,116781.000000,83221.000000,22,2237.065869,3112195.159193,37.256560,0.608942,2,3,4,112
51,120071.000000,79931.000000,26,2106.844567,4785242.375629,33.816555,0.696668,2,3,4,97
52,115252.000000,84750.000000,24,2693.961748,6208564.616787,34.268785,0.679105,2,3,4,96
53,137196.000000,62806.000000,38,1544.668699,908468.190933,31.292151,0.731825,2,3,4,86
54,119079.000000,80923.000000,26,1784.462727,2035280.732912,35.268186,0.676439,2,3,4,94
55,123530.000000,76472.000000,36,1673.714660,672627.335445,32.585068,0.725457,2,3,4,88
56,127061.000000,72941.000000,32,1782.560781,1603739.728758,32.606536,0.730083,2,3,4,105
57,118446.000000,81556.000000,23,1876.633456,3227540.780656,35.010745,0.653584,2,3,4,93
58,118596.000000,81406.000000,25,1667.342639,875900.322773,34.308360,0.624630,2,3,4,88
59,122337.000000,77665.000000,30,1252.171284,311078.706470,33.714471,0.659638,2,3,4,98
60,126325.000000,73677.000000,35,1811.647619,2485294.079562,32.705285,0.709320,2,3,4,88
61,129034.000000,70968.000000,34,1472.335983,927581.453794,31.318319,0.737981,2,3,4,97
62,135036.000000,64966.000000,36,1466.403417,668569.933729,31.976674,0.773099,2,3,4,82
63,121653.000000,78349.000000,25,2276.556684,2912170.103463,34.633338,0.662538,2,3,4,97
64,127327.000000,72675.000000,27,1437.099497,874921.005698,33.233381,0.685413,2,3,4,99
65,123634.000000,76368.000000,27,1806.012423,1641190.977574,33.946544,0.678749,2,3,4,93
66,134613.000000,65389.000000,35,1358.920818,393351.477841,31.066623,0.763217,2,3,4,97
67,119362.000000,80640.000000,25,1927.101095,3594614.305990,34.151917,0.638926,2,3,4,96
68,126431.000000,73571.000000,26,1892.701646,2664115.597509,33.926813,0.694610,2,3,4,94
69,132163.000000,67839.000000,37,1626.829212,1226496.046681,31.628399,0.747866,3,3,4,91
70,105709.000000,94293.000000,16,1937.628119,1552716.982758,38.900766,0.613479,3,3,4,105
71,119420.000000,80582.000000,21,1763.692182,1583233.208384,35.188147,0.664844,3,3,4,95
72,133756.000000,66246.000000,33,1289.588544,490680.377337,31.710431,0.729459,3,3,4,90
73,133585.000000,66417.000000,33,1470.523264,639448.220828,31.664761,0.747141,3,3,4,88
74,119850.000000,80152.000000,23,1461.462444,1095835.484674,34.186293,0.698490,3,3,4,100
75,128154.000000,71848.000000,31,1194.404002,419898.882526,33.525253,0.662685,3,4,4,91
76,133303.000000,66699.000000,33,1371.379550,648482.438665,31.869080,0.750596,3,4,4,92
77,123983.000000,76019.000000,31,1428.879944,1026764.193551,34.036839,0.671216,3,4,4,99
78,126006.000000,73996.000000,36,1403.255323,740489.022129,33.499194,0.686896,3,4,4,80
79,117516.000000,82486.000000,27,1284.514019,455908.224451,34.939060,0.613720,3,4,4,95
80,129300.000000,70702.000000,32,1134.750693,353210.195427,33.138793,0.692302,3,4,4,93
81,129336.000000,70666.000000,33,1558.307885,1490857.352288,32.050061,0.731624,3,4,4,95
82,121501.000000,78501.000000,29,1808.981729,1524525.093169,34.262541,0.661291,3,4,4,85
83,131099.000000,68903.000000,37,1335.367160,599769.903733,32.179269,0.749600,2,2,4,89
84,123504.000000,76498.000000,29,1435.121198,991587.321653,34.715458,0.638351,2,2,4,102
85,120830.000000,79172.000000,30,1615.644308,2148033.074060,33.234411,0.683915,1,1,4,89
86,130343.000000,69659.000000,38,1419.632371,771698.700156,31.462162,0.773390,1,1,4,81
87,124581.000000,75421.000000,31,1351.272908,695269.282465,34.382703,0.655265,1,1,4,98
88,136564.000000,63438.000000,39,1171.283291,624998.322056,31.332346,0.781315,1,1,4,98
89,125907.000000,74095.000000,38,946.153919,171648.850163,31.641408,0.764822,1,1,4,88
90,131358.000000,68644.000000,40,742.921134,68140.149483,31.056850,0.760215,1,1,4,80
91,117398.000000,82604.000000,32,1112.645453,329313.787914,34.365079,0.749542,1,1,4,87
92,137626.000000,62376.000000,42,823.472011,147377.065444,30.480709,0.825680,1,1,4,83
93,130252.000000,69750.000000,35,1112.771363,344464.567090,32.450246,0.789290,1,1,4,84
94,147316.000000,52686.000000,44,715.607497,102046.757317,29.442067,0.942462,1,1,4,85
95,129229.000000,70773.000000,27,1021.980064,300378.420607,32.513644,0.732288,1,1,4,102
96,137937.000000,62065.000000,38,863.464544,148396.888512,31.905607,0.738362,1,1,4,94
97,118856.000000,81146.000000,29,843.802907,106939.518424,33.758049,0.690422,1,1,4,85
98,130173.000000,69829.000000,37,1192.216140,578202.121219,31.675166,0.778308,1,1,4,83
99,134415.000000,65587.000000,37,986.129653,272167.267960,32.089633,0.698155,1,1,4,93
100,123781.000000,76221.000000,30,1021.198881,337510.119003,33.233446,0.709532,1,1,4,90
101,133526.000000,66476.000000,38,753.012885,123292.680730,32.125231,0.720300,1,1,4,88
102,133977.000000,66025.000000,38,995.372348,278587.045578,31.611202,0.760931,1,1,4,93
103,148531.000000,51471.000000,45,1074.953706,453693.896579,29.503982,0.848615,1,1,4,98
104,132027.000000,67975.000000,39,1468.067424,798625.096287,32.241803,0.720600,1,1,4,88
105,122043.000000,77959.000000,31,1354.137280,583945.653600,33.930204,0.657580,1,1,4,98
106,127771.000000,72231.000000,27,1467.348571,712975.469390,33.652899,0.711430,1,1,4,94
107,125549.000000,74453.000000,34,1159.146029,240295.098833,33.198421,0.682305,1,1,4,92
108,123598.000000,76404.000000,26,1830.048830,1800934.071118,33.120408,0.683416,1,1,4,102
109,136086.000000,63916.000000,38,1191.905373,420562.003704,31.966186,0.725918,1,1,4,83
110,131375.000000,68627.000000,37,1400.331506,573797.728438,32.320917,0.755082,1,1,4,80
111,134578.000000,65424.000000,35,1220.012543,422464.547275,31.777982,0.739284,1,1,4,96
112,126482.000000,73520.000000,30,1301.186564,532577.819866,32.771206,0.720081,1,1,4,105
113,116418.000000,83584.000000,29,1399.015317,611756.301334,35.260902,0.628917,1,1,4,91
114,132544.000000,67458.000000,29,1637.791129,1148178.670997,32.136285,0.734168,1,1,4,102
115,129996.000000,70006.000000,33,1341.470221,729497.139731,32.954441,0.703834,1,1,4,86
116,126969.000000,73033.000000,29,1098.922094,359243.107432,32.954202,0.747620,1,1,4,100
117,135655.000000,64347.000000,38,1100.402598,596560.133228,30.977046,0.799008,1,1,4,93
118,133008.000000,66994.000000,36,1064.866745,436967.602644,32.665113,0.695177,1,1,4,91
119,126588.000000,73414.000000,30,1304.161562,856072.076512,33.164318,0.719109,1,1,4,92
120,132553.000000,67449.000000,35,949.473501,197034.384851,31.331773,0.771027,1,1,4,95
121,149509.000000,50493.000000,48,865.141180,168686.198097,30.096243,0.781815,1,1,4,78
122,145119.000000,54883.000000,46,813.559915,129191.212929,30.708335,0.805047,1,1,4,78
123,131788.000000,68214.000000,38,1144.896057,458075.122980,32.896175,0.714098,1,1,4,81
124,128347.000000,71655.000000,38,990.927288,275642.004061,31.879974,0.732065,1,1,4,85
125,127260.000000,72742.000000,31,1061.973869,294193.611455,32.946414,0.704261,1,1,4,95
126,131240.000000,68762.000000,34,1034.909291,425027.236080,32.569768,0.739334,1,1,4,96
127,128226.000000,71776.000000,31,1078.138445,465977.691187,32.380484,0.732405,1,1,4,92
128,141673.000000,58329.000000,39,937.673810,289305.366559,30.538858,0.832829,1,1,4,84
129,134771.000000,65231.000000,40,1082.840687,300742.141496,31.527377,0.738088,1,1,4,79
130,121117.000000,78885.000000,28,1494.261266,1042316.793257,33.774649,0.710718,1,1,4,100
131,135558.000000,64444.000000,35,1322.713959,824581.630623,31.314766,0.782946,1,1,4,93
132,136430.000000,63572.000000,36,1258.463546,628085.176031,31.173696,0.790869,1,1,4,86
133,142305.000000,57697.000000,40,1224.713050,716619.111749,30.689936,0.753896,1,1,4,80
134,126279.000000,73723.000000,34,1405.352581,710952.434684,33.378084,0.681092,1,1,4,91
135,120761.000000,79241.000000,28,1790.536370,1764691.072334,34.971330,0.608496,1,1,4,89
136,126205.000000,73797.000000,33,1701.045218,1405954.538274,33.415614,0.695194,1,1,4,91
137,135807.000000,64195.000000,35,1142.335027,696428.079432,31.797002,0.737325,1,1,4,89
138,121564.000000,78438.000000,26,1248.011426,508258.775653,33.938395,0.669784,1,1,4,107
139,135277.000000,64725.000000,38,1535.726845,1097069.255980,31.259643,0.742466,1,1,4,90
140,117556.000000,82446.000000,29,2159.244935,2156952.625690,32.990933,0.662868,1,1,4,95
141,129565.000000,70437.000000,33,1458.532356,1056858.986710,33.113592,0.734378,1,1,4,93
142,150564.000000,49438.000000,49,1467.653321,1869911.817648,30.146301,0.779282,1,1,4,75
143,120820.000000,79182.000000,33,1513.333126,840533.680532,33.334103,0.668788,1,1,4,85
144,124066.000000,75936.000000,27,3906.519921,16987533.924048,30.207152,0.820948,1,1,4,96
145,133929.000000,66073.000000,38,1068.384768,422742.389795,31.852601,0.690400,1,1,4,84
146,121817.000000,78185.000000,31,2167.686494,3138675.188432,33.430291,0.695430,1,1,4,89
147,138815.000000,61187.000000,35,2763.645607,4258507.774552,30.699356,0.791331,1,1,4,89
148,131219.000000,68783.000000,39,2705.460910,7044421.215245,31.240578,0.748286,1,1,4,87
149,129544.000000,70458.000000,35,1836.305912,2583668.455320,31.826935,0.739348,1,1,4,88
150,129646.000000,70356.000000,36,2491.591925,3181843.297732,32.469881,0.730487,1,1,4,83
151,125344.000000,74658.000000,32,911.143305,203360.032550,33.960694,0.658327,1,1,4,91
152,125916.000000,74086.000000,36,890.168643,157358.044289,33.598968,0.664716,1,1,4,84
153,129152.000000,70850.000000,34,911.328047,219991.951048,34.331442,0.632329,1,1,4,87
154,136599.000000,63403.000000,37,898.079050,236870.381779,31.659661,0.715844,1,1,4,93
155,124710.000000,75292.000000,30,925.224661,223717.760047,33.423093,0.642467,1,1,4,89
156,133372.000000,66630.000000,34,903.137592,197134.253685,32.650365,0.695283,1,1,4,91
157,120635.000000,79367.000000,35,914.802959,163809.539598,34.433581,0.628103,1,1,4,97
158,136931.000000,63071.000000,31,979.680823,321394.209054,32.254946,0.697333,1,1,4,97
159,115578.000000,84424.000000,28,1398.298842,1429015.155056,35.693357,0.603614,1,1,4,93
160,125166.000000,74836.000000,30,1141.776120,505749.739704,34.073045,0.670339,1,1,4,96
161,124008.000000,75994.000000,29,1104.679428,465807.533731,34.599500,0.638413,1,1,4,93
162,118018.000000,81984.000000,26,1081.165147,424485.066755,35.991766,0.587197,1,1,5,108
163,124631.000000,75371.000000,23,1314.894092,1485977.318508,35.432706,0.632175,1,1,5,107
164,125033.000000,74969.000000,30,867.622884,179796.801813,34.721554,0.583844,1,1,5,96
165,132323.000000,67679.000000,40,854.996841,154350.480131,33.474864,0.637946,1,1,5,83
166,128205.000000,71797.000000,39,928.513368,216321.637304,32.432316,0.684458,1,1,5,90
167,135966.000000,64036.000000,43,823.827782,133746.890286,31.998273,0.724698,1,1,5,85
168,126446.000000,73556.000000,35,1050.005909,318094.184380,32.782407,0.665794,1,1,4,89
169,130350.000000,69652.000000,38,1084.523334,475602.551720,32.745266,0.709385,1,1,4,89
170,128368.000000,71634.000000,30,939.660192,257214.585588,33.446602,0.704686,1,1,4,93
171,123910.000000,76092.000000,29,1067.203115,295775.854493,34.709641,0.619390,1,1,4,92
172,126241.000000,73761.000000,30,19725.551974,339492828.683647,23.774750,1.571682,2,1,4,112
173,112423.000000,87579.000000,11,17726.361459,170563790.824914,24.108345,1.464783,2,1,4,133
174,113659.000000,86343.000000,21,18828.639078,241654963.680181,25.128142,1.588605,2,1,4,123
175,120766.000000,79236.000000,20,8683.360781,45649199.433003,28.000901,1.507532,2,1,4,110
176,146159.000000,53843.000000,44,9399.673033,72133788.511568,24.191483,1.510754,2,1,4,101
177,121288.000000,78714.000000,24,23980.630927,391997574.255173,25.369437,1.388218,2,1,4,121
178,114071.000000,85931.000000,12,21945.651509,310916825.591618,24.185702,1.495440,2,1,4,137
179,125775.000000,74227.000000,27,13961.278726,145450186.407296,24.469422,1.816154,2,1,4,132
180,113132.000000,86870.000000,15,25945.469058,291679129.499260,24.029654,1.656558,2,1,4,131
181,118967.000000,81035.000000,16,25139.393113,367554741.558070,24.057722,1.579115,2,1,4,125
182,120566.000000,79436.000000,20,18278.703792,284545040.802178,25.383945,1.391796,2,1,4,113
183,120409.000000,79593.000000,21,21306.742524,273903982.444869,22.755509,1.850687,2,1,4,125
184,121251.000000,78751.000000,22,23709.734409,408026694.012578,24.167554,1.561408,2,1,4,116
185,119712.000000,80290.000000,19,18578.954886,291686493.467548,26.023552,1.281822,2,1,4,116
186,121071.000000,78931.000000,21,23641.794861,407669437.976361,23.245477,1.668944,2,1,4,126
187,101725.000000,98277.000000,9,21059.216601,301629768.362710,31.043539,1.102135,2,1,4,131
188,115397.000000,84605.000000,17,24232.919309,307397824.446439,24.711810,1.510908,2,1,4,121
189,108286.000000,91716.000000,15,26269.547409,323960496.122879,22.663832,2.033363,2,1,4,142
190,108829.000000,91173.000000,17,28018.583267,358118085.059112,23.768519,1.495021,2,1,4,131
191,113939.000000,86063.000000,21,21655.817016,260319092.968011,24.952104,1.538791,2,1,4,124
192,109259.000000,90743.000000,7,20407.474303,321138792.248431,25.898328,1.297786,2,1,4,138
193,113598.000000,86404.000000,14,23857.857312,313068008.870252,23.521106,1.495671,2,1,4,125
194,120887.000000,79115.000000,18,23063.177467,465272976.667498,24.465380,1.468124,2,1,4,119
195,106843.000000,93159.000000,13,23656.828817,434085381.608876,25.907827,1.387099,2,1,4,127
196,120973.000000,79029.000000,15,19517.946227,311122450.048419,24.929342,1.454563,2,1,4,127
197,116417.000000,83585.000000,17,19447.565960,262767883.944618,26.504522,1.321967,2,1,4,114
198,110104.000000,89898.000000,12,26817.811355,398780546.877447,25.224775,1.430750,2,1,4,132
199,125812.000000,74190.000000,29,23480.362814,490260158.984711,23.006994,1.790037,2,1,4,136
200,109625.000000,90377.000000,15,21548.533471,352776363.010502,23.658647,1.479977,2,1,4,136
201,125819.000000,74183.000000,27,14633.895607,177161053.931716,28.140944,1.033618,2,1,4,129
202,118516.000000,81486.000000,17,13973.936378,151357327.854977,28.643465,1.132838,2,1,4,118
203,128483.000000,71519.000000,32,9899.908000,77487878.394954,27.406025,1.116066,2,1,4,111
204,135721.000000,64281.000000,31,14419.824587,293330591.617246,25.408248,1.400465,2,1,4,103
205,146231.000000,53771.000000,33,9141.431040,60959159.118239,25.089363,1.401234,2,1,4,109
206,120358.000000,79644.000000,22,15616.325875,258943497.399215,27.811250,1.166596,2,1,4,108
207,115248.000000,84754.000000,14,18022.699683,372447816.181447,26.966200,1.200019,2,1,4,113
208,118631.000000,81371.000000,24,14470.817889,157360256.636851,28.784692,1.060023,2,1,4,111
209,109779.000000,90223.000000,15,13540.060768,174355500.816994,29.336633,1.048810,2,1,4,118
210,139724.000000,60278.000000,39,4952.071357,22379201.785879,27.757764,1.002481,4,2,4,101
211,125795.000000,74207.000000,32,7532.577792,42860775.284938,28.851293,0.912471,4,2,4,101
212,128636.000000,71366.000000,27,7996.476244,42261876.524795,28.753714,0.982131,4,2,4,102
213,138647.000000,61355.000000,40,4915.835769,21490299.716892,27.052088,1.067218,4,2,4,88
214,128412.000000,71590.000000,37,4127.539699,18761924.546382,30.064676,0.907618,4,2,4,94
215,116543.000000,83459.000000,20,6822.200899,59077471.704325,31.090055,0.911837,4,2,4,111
216,132672.000000,67330.000000,33,3083.782638,8173421.442469,30.999270,0.848055,4,2,4,85
217,132149.000000,67853.000000,28,5047.298355,28493554.965413,30.132081,0.947633,4,2,4,101
218,135175.000000,64827.000000,28,6156.055282,48398457.501728,29.098936,1.012031,4,2,4,88
219,139456.000000,60546.000000,39,2516.294346,3976776.905603,28.755327,0.989599,4,2,4,89
220,119883.000000,80119.000000,29,2440.880661,3611958.420637,32.589218,0.807869,4,2,4,103
221,146287.000000,53715.000000,42,2047.170726,1826138.890395,29.535592,0.995931,4,2,4,92
222,122808.000000,77194.000000,21,26026.484750,284561531.003530,21.011781,1.917131,4,1,4,156
223,125832.000000,74170.000000,22,28841.796151,331143029.517138,20.528206,2.219446,4,1,4,162
224,102854.000000,97148.000000,3,27126.428750,332124452.085404,24.630438,1.569470,4,1,4,150
225,112590.000000,87412.000000,5,25811.066911,421228173.811939,23.144237,1.603368,4,1,4,159
226,128430.000000,71572.000000,25,20038.567457,235280035.110111,21.729167,1.844603,4,1,4,139
227,128655.000000,71347.000000,28,24884.264852,239495362.580323,20.228460,2.311809,4,1,4,150
228,116124.000000,83878.000000,27,23092.198847,265822796.661935,24.056858,1.687769,4,1,4,129
229,125718.000000,74284.000000,23,16713.937105,276847848.895365,25.569252,1.198494,4,1,4,117
230,110764.000000,89238.000000,13,15586.155885,173356962.043443,29.368280,1.074619,4,1,4,122
231,115669.000000,84333.000000,17,13569.231295,158857236.989561,29.048579,1.012951,4,1,4,117
232,115994.000000,84008.000000,10,25817.205093,302151029.533104,19.848241,2.113797,5,2,4,161
233,119916.000000,80086.000000,15,27400.787575,402864984.572450,19.053823,2.414712,5,2,4,162
234,123560.000000,76442.000000,23,22122.254970,260659196.923838,19.392628,2.259585,5,2,4,151
235,110036.000000,89966.000000,10,23555.356577,347560763.189564,20.970766,1.876513,5,2,4,164
236,111125.000000,88877.000000,15,26243.839976,265996499.683319,17.928472,2.866006,5,2,4,185
237,129809.000000,70193.000000,31,25432.384066,312736274.403986,17.875810,2.876817,5,2,4,172
238,132376.000000,67626.000000,32,27248.410048,344087006.805825,17.614675,3.029221,5,2,4,159
239,103707.000000,96295.000000,12,19594.266320,223891451.445732,18.850736,2.606384,5,2,4,159
240,152549.000000,47453.000000,52,28441.244686,314475845.939362,17.324676,3.095605,5,2,4,86
241,132780.000000,67222.000000,30,28104.389777,371977065.730769,17.324582,3.123450,5,2,4,120
242,127945.000000,72057.000000,36,28281.439692,379305330.130212,17.161386,3.220714,5,2,4,119
243,150365.000000,49637.000000,51,29547.618391,375248849.961337,17.358437,3.139372,5,2,4,107
244,130532.000000,69470.000000,41,28119.721333,291382609.562067,17.812990,3.255624,5,2,4,105
245,145097.000000,54905.000000,48,27751.520922,387720069.162327,17.326505,3.328307,5,2,4,108
246,141062.000000,58940.000000,39,28482.322400,245203955.577014,17.041562,3.397862,5,2,4,110
247,134083.000000,65919.000000,31,25101.001513,324587419.050522,18.532442,2.556834,5,2,4,123
248,130085.000000,69917.000000,34,28844.961070,370219129.566236,19.750073,2.267567,5,2,4,118
249,125833.000000,74169.000000,37,28936.768463,340032602.228684,18.579677,2.755041,5,2,4,106
250,150966.000000,49036.000000,55,33725.415497,400968464.575783,17.776524,2.884715,5,2,4,98
251,155760.000000,44242.000000,56,31985.064558,435585239.410883,17.470807,3.026027,5,2,4,111
252,119531.000000,80471.000000,32,23643.197146,358885138.563193,16.590619,3.963067,7,2,4,125
253,142830.000000,57172.000000,42,29766.786418,369036070.079588,17.383614,3.246545,7,2,4,121
254,140720.000000,59282.000000,49,28130.238145,413063911.516656,18.382569,2.752990,7,2,4,114
255,144348.000000,55654.000000,50,30912.608815,404766047.065950,18.576164,2.834913,7,2,4,107
256,153425.000000,46577.000000,56,30349.817060,312032781.172873,17.023157,3.275581,7,2,4,112
257,120189.000000,79813.000000,24,24860.356275,339146462.689048,18.445004,2.810563,7,2,4,140
258,153215.000000,46787.000000,50,32684.153031,401125415.542813,18.256598,2.549878,7,2,4,103
259,149259.000000,50743.000000,52,29161.537073,419413829.739357,18.084081,2.655347,7,2,4,95
260,147484.000000,52518.000000,55,30152.829051,453883303.099865,19.935833,2.227837,7,2,4,93
261,125865.000000,74137.000000,39,30119.819145,286232240.171688,19.810235,2.154436,7,2,4,107
262,153212.000000,46790.000000,58,36262.063933,475248555.890929,18.548350,2.838925,7,2,4,94
263,138751.000000,61251.000000,42,24510.168686,362344250.147222,21.591597,1.984518,7,2,4,112
264,137182.000000,62820.000000,45,26702.352483,395738905.871812,19.694773,2.709148,7,2,4,92
265,126054.000000,73948.000000,37,22676.662545,380910736.514983,21.507145,1.838840,7,2,4,100
266,129370.000000,70632.000000,30,2547.438807,3929973.694831,32.963950,0.596056,6,2,4,96
267,125265.000000,74737.000000,29,7895.690287,45597315.312116,30.691489,0.836722,6,2,4,104
268,133746.000000,66256.000000,35,5641.200702,23398101.400106,29.244494,0.841297,6,2,4,94
269,114311.000000,85691.000000,23,5478.199018,17336271.787540,33.375794,0.723584,6,2,4,113
270,133864.000000,66138.000000,35,5003.004428,28211279.340610,29.544000,0.765395,6,2,4,97
271,130448.000000,69554.000000,38,4912.904602,15608322.284448,29.207870,0.785301,6,2,4,90
272,116592.000000,83410.000000,22,12310.298938,171909186.309275,31.329589,0.677730,6,2,4,108
273,131069.000000,68933.000000,31,9548.498141,72265603.278889,29.030227,0.845440,6,2,4,103
274,127427.000000,72575.000000,30,9267.309204,41420161.276979,28.569095,0.907603,6,2,4,106
275,131382.000000,68620.000000,33,7200.862266,36480391.180653,30.780159,0.701069,6,2,4,95
276,111432.000000,88570.000000,22,11362.101558,91338647.542609,30.209454,1.001351,6,2,4,107
277,108221.000000,91781.000000,18,10102.487726,70914313.288712,32.074143,0.751776,6,2,4,105
278,127044.000000,72958.000000,32,13474.938517,123510628.710165,28.441597,0.950863,6,2,4,105
279,127714.000000,72288.000000,27,9087.355608,68877675.491494,28.181185,0.819640,6,2,4,115
280,122540.000000,77462.000000,27,7913.579438,42586520.288579,32.797915,0.662697,6,2,4,99
281,133854.000000,66148.000000,30,8123.765244,61232741.596717,30.275513,0.766858,6,2,4,104
282,126428.000000,73574.000000,34,6409.501265,20099725.222683,28.354043,0.839890,6,2,4,92
283,116945.000000,83057.000000,25,4276.718611,10996270.098178,34.097713,0.660241,6,2,4,92
284,113775.000000,86227.000000,22,7188.162991,26092474.845024,32.957462,0.746005,6,2,4,102
285,121842.000000,78160.000000,23,2919.592579,5535264.450222,35.805777,0.599568,5,2,4,100
286,132411.000000,67591.000000,31,2540.821825,4721192.715366,32.208059,0.710976,5,2,4,96
287,114161.000000,85841.000000,27,1815.391894,1344035.415420,35.127610,0.565227,5,2,4,93
288,119898.000000,80104.000000,28,3995.841565,8200042.868020,32.646900,0.583889,5,2,4,95
289,126449.000000,73553.000000,34,5775.070235,21646047.367206,32.990555,0.660826,5,2,4,82
290,120988.000000,79014.000000,31,2005.348636,1167716.465560,32.484815,0.641781,5,2,4,90
291,122149.000000,77853.000000,26,3894.733682,14138683.097830,32.546511,0.679752,5,2,4,99
292,122680.000000,77322.000000,23,3943.417900,11553515.056615,34.085108,0.520440,5,2,4,96
293,135102.000000,64900.000000,39,1566.722926,1129876.047244,29.535898,0.832294,6,2,4,95
294,138007.000000,61995.000000,39,1462.300265,1203062.348082,31.096583,0.658214,6,2,4,90
295,115509.000000,84493.000000,23,6969.312880,27819424.250072,31.848676,0.651071,6,2,4,96
296,130876.000000,69126.000000,34,5967.971702,24202763.889034,29.158405,0.967784,6,2,4,101
297,113513.000000,86489.000000,25,3433.192728,5061357.788937,35.748105,0.574189,6,2,4,88
298,109254.000000,90748.000000,20,3091.140485,3005923.961673,34.708678,0.575403,6,2,4,101
299,120483.000000,79519.000000,24,3140.637596,5033209.398441,32.056246,0.703614,6,2,4,111
300,118778.000000,81224.000000,28,2460.822533,3086434.273466,32.762707,0.734364,6,2,4,97
301,128796.000000,71206.000000,33,2736.875216,6494188.496213,30.930459,0.814837,6,2,4,92
302,115868.000000,84134.000000,26,3032.716460,5878129.396657,35.491319,0.507292,6,2,4,88
303,124459.000000,75543.000000,28,2378.352474,2920756.389298,33.562092,0.651153,6,2,4,93
304,109727.000000,90275.000000,17,11136.330044,69846928.924379,33.733010,0.727361,6,2,4,109
305,129567.000000,70435.000000,30,3416.215658,8832565.302460,30.019182,0.766821,6,2,4,83
306,123894.000000,76108.000000,32,4376.689981,11292587.033700,31.153697,0.747724,6,2,4,90
307,129290.000000,70712.000000,27,7245.812517,66771367.422221,30.336546,0.815936,6,2,4,101
308,122811.000000,77191.000000,26,3880.226601,7647189.084021,31.767745,0.791677,6,2,4,101
309,128336.000000,71666.000000,31,3279.709860,8716355.290708,30.487173,0.851490,6,2,4,100
310,135153.000000,64849.000000,36,4132.297356,11480594.020339,29.056767,0.843288,6,2,4,95
311,119022.000000,80980.000000,27,3886.366474,4606485.897510,31.008254,0.909139,6,2,4,103
312,124982.000000,75020.000000,30,2390.223194,2195989.880409,30.766409,0.913271,6,2,4,101
313,125510.000000,74492.000000,34,3108.514634,5984357.135716,29.697858,0.959564,6,2,4,85
314,144109.000000,55893.000000,36,2327.014129,6012229.690429,30.845723,0.919437,6,2,4,84
315,131073.000000,68929.000000,28,2778.420156,3405324.953695,31.021299,0.726686,6,2,4,105
316,142223.000000,57779.000000,47,1818.470510,1437122.694153,30.003135,0.727015,6,2,4,87
317,123612.000000,76390.000000,34,4182.179939,8660816.513826,28.246275,0.957926,6,2,4,106
318,132617.000000,67385.000000,35,3179.201192,7548953.124235,28.355180,0.948849,6,2,4,96
319,122530.000000,77472.000000,30,1875.840177,1005230.931062,33.305940,0.755223,6,2,4,90
320,128510.000000,71492.000000,39,3347.279842,4650218.505432,30.812510,0.717203,6,2,4,91
321,115334.000000,84668.000000,25,2488.106649,1864473.874810,32.466192,0.752856,6,2,4,98
322,127585.000000,72417.000000,29,1581.776108,894669.644289,34.636738,0.624702,6,2,4,104
323,131185.000000,68817.000000,34,3786.507706,9786454.189515,29.691746,0.898424,6,2,4,94
324,133696.000000,66306.000000,40,2925.886725,6448042.807914,30.122392,0.872246,6,2,4,79
325,135617.000000,64385.000000,41,2256.826364,1673368.996730,28.881892,0.789623,6,2,4,81
326,130940.000000,69062.000000,37,1931.085349,2411711.282788,32.686340,0.658349,6,2,4,85
327,133369.000000,66633.000000,39,1807.757299,1272927.022891,29.729609,0.862117,6,2,4,90
328,126905.000000,73097.000000,30,8234.920107,69495163.376117,28.796196,0.867391,6,2,4,93
329,139039.000000,60963.000000,41,2416.885683,2353398.836335,30.366517,0.731122,6,2,4,94
330,139848.000000,60154.000000,43,3434.804713,6467712.713508,29.849452,0.850110,6,2,4,86
331,134391.000000,65611.000000,34,2840.351671,3439989.729975,28.821786,0.758350,6,2,4,98
332,127420.000000,72582.000000,34,1460.616273,682447.880748,32.875122,0.649974,6,2,4,85
333,122421.000000,77581.000000,21,2913.056262,4304165.447142,32.501257,0.771115,6,2,4,101
334,118748.000000,81254.000000,29,2544.017908,3186987.105501,33.540539,0.635565,6,2,4,95
335,126556.000000,73446.000000,33,2676.116567,2186323.511936,29.719385,0.893525,6,2,4,92
336,132898.000000,67104.000000,35,3278.859472,2832959.133263,29.148350,0.958316,6,2,4,88
337,117851.000000,82151.000000,25,7387.605036,31546628.321275,31.521253,0.929112,6,2,4,94
338,136745.000000,63257.000000,42,2710.819004,4745932.084907,28.347443,0.923466,6,2,4,83
339,130759.000000,69243.000000,35,2096.989030,2090354.972164,30.099046,0.743869,6,2,4,96
340,138489.000000,61513.000000,43,1361.680990,485105.307941,29.327723,0.849325,6,2,4,87
341,130684.000000,69318.000000,34,1959.702430,909887.510135,31.917497,0.752388,6,2,4,94
342,141883.000000,58119.000000,37,1388.380333,562067.180430,30.630832,0.715266,6,2,4,87
343,119036.000000,80966.000000,29,2984.304483,6081576.119417,33.178491,0.675260,6,2,4,85
344,126737.000000,73265.000000,34,2227.063524,1174012.045205,33.307570,0.689323,6,2,4,93
345,121067.000000,78935.000000,33,1680.297411,777261.379023,33.963183,0.683470,6,2,4,87
346,138836.000000,61166.000000,37,1774.248756,1663290.112509,31.303828,0.706444,6,2,4,84
347,131036.000000,68966.000000,37,2264.429502,3615980.345246,31.747585,0.757191,6,2,4,93
348,125700.000000,74302.000000,31,1148.112593,297099.764504,32.587152,0.711988,6,2,4,94
349,124272.000000,75730.000000,17,4299.209492,12110857.216105,29.828591,1.014384,5,2,4,111
350,132978.000000,67024.000000,33,16054.273602,242126380.784984,24.668062,1.361940,3,2,4,113
351,129720.000000,70282.000000,24,14262.419435,180301610.135891,25.282468,1.376662,3,2,4,112
352,114160.000000,85842.000000,18,13584.234832,100015603.023418,29.577178,1.013594,3,2,4,114
353,135060.000000,64942.000000,40,4745.064318,17412534.234464,26.067472,1.369476,3,2,4,91
354,145609.000000,54393.000000,46,29028.837897,410791000.723302,18.061566,3.067921,4,1,4,139
355,123002.000000,77000.000000,29,24460.059485,308229699.863641,19.874780,2.542263,4,1,4,135
356,141866.000000,58136.000000,40,25745.406728,310780319.722725,17.949297,3.236173,4,1,4,128
357,144167.000000,55835.000000,46,26091.334616,313156850.222968,18.693169,2.945851,4,1,4,129
358,140005.000000,59997.000000,43,22695.342671,255360604.377370,18.227311,3.578606,4,1,4,151
359,123536.000000,76466.000000,24,27352.593297,397563759.038961,18.004038,3.223213,4,1,4,141
360,118505.000000,81497.000000,24,24796.612965,217357544.256828,20.145252,2.597143,4,1,4,135
361,150121.000000,49881.000000,41,27368.749728,400551365.158673,17.594243,2.946731,4,1,4,148
362,126333.000000,73669.000000,33,27319.042819,333918841.882071,19.506386,3.330980,4,1,4,140
363,125619.000000,74383.000000,31,24179.806086,280844531.529797,17.923027,3.286367,4,1,4,138
364,126073.000000,73929.000000,29,24945.653272,336316506.701632,16.178768,4.166827,4,1,4,166
365,140749.000000,59253.000000,49,25290.304815,229203874.199916,13.731899,6.297461,4,1,4,136
366,123546.000000,76456.000000,32,21841.414659,273769548.114617,14.062348,6.895910,4,1,4,171
367,112961.000000,87041.000000,23,21149.704251,336335321.864502,13.431337,6.672912,3,1,4,162
368,127397.000000,72605.000000,32,26481.566150,305273648.544876,14.971776,6.044667,3,1,4,140
369,129995.000000,70007.000000,38,19624.411879,169007707.566193,14.000171,6.834465,3,1,4,135
370,133866.000000,66136.000000,39,21428.322836,279524795.346791,14.061450,7.544206,3,1,4,161
371,152961.000000,47041.000000,54,27913.002476,303385879.334945,13.349156,7.324092,3,1,4,147
372,140795.000000,59207.000000,44,19392.077931,202117575.339381,14.127775,7.459761,3,1,4,138
373,124565.000000,75437.000000,32,25377.399342,290051630.445080,13.357913,6.822878,3,1,4,167
374,131580.000000,68422.000000,35,18068.763335,224923491.298405,14.643754,7.013268,3,1,4,149
375,120029.000000,79973.000000,26,23353.876670,301524608.978859,14.380207,5.936999,3,1,4,161
376,131554.000000,68448.000000,35,21396.537874,250343754.478806,14.082042,6.690708,3,1,4,162
377,137826.000000,62176.000000,39,26443.681484,271526515.114177,13.797965,6.414575,3,1,4,162
378,135769.000000,64233.000000,42,21987.094983,249958231.177327,14.802719,7.059441,3,1,4,128
379,129212.000000,70790.000000,36,22601.289507,183556854.516467,13.917115,6.783538,3,1,4,154
380,132827.000000,67175.000000,38,31973.695596,289286113.076214,15.459899,7.533713,3,0,4,135
381,133470.000000,66532.000000,36,26611.659297,445782369.783701,13.956936,7.448702,3,0,5,151
382,137353.000000,62649.000000,48,21817.528338,241064522.471829,13.160345,7.957218,3,0,5,144
383,139555.000000,60447.000000,43,25780.304132,240435385.706330,14.484579,6.055896,2,0,5,135
384,118311.000000,81691.000000,31,19046.544696,143901733.877305,14.309386,6.095729,2,0,5,143
385,131803.000000,68199.000000,42,22543.956511,254387564.809993,13.253784,9.112929,2,0,5,119
386,126652.000000,73350.000000,40,20033.444539,156679232.409902,13.983033,8.843303,2,0,5,139
387,137970.000000,62032.000000,48,24971.063508,332692387.161230,14.387678,6.663916,2,0,5,129
388,139048.000000,60954.000000,41,23379.838616,256808710.883246,14.257496,6.154469,2,0,5,124
389,140435.000000,59567.000000,44,23259.323766,257134984.686351,13.066973,7.642669,2,0,5,117
390,141484.000000,58518.000000,43,25066.071175,347579842.624611,13.828231,7.286520,2,0,5,127
391,144413.000000,55589.000000,50,26251.083475,332359247.884182,13.398944,8.465622,2,0,5,147
392,144209.000000,55793.000000,51,23887.581640,380883203.623558,13.509332,8.503364,2,0,5,137
393,140977.000000,59025.000000,43,23370.642606,321754524.843217,12.936917,8.654984,2,0,5,139
394,137196.000000,62806.000000,46,23428.936915,291387727.308857,13.419635,8.615770,2,0,5,121
395,138151.000000,61851.000000,43,27428.351561,364309755.920344,14.481360,6.108154,2,0,5,140
396,155610.000000,44392.000000,61,35413.453267,319371840.450978,13.492560,6.439501,3,0,5,134
397,153038.000000,46964.000000,58,27936.745765,294276922.237765,13.940925,6.177730,3,0,5,116
398,153673.000000,46329.000000,59,29331.985065,258000663.178271,13.796192,6.112568,3,0,5,126
399,155430.000000,44572.000000,65,27273.841785,256745077.895721,13.450339,7.136078,3,0,5,113
400,136037.000000,63965.000000,45,33154.990691,283526586.215025,14.973942,6.726617,3,0,5,129
401,144714.000000,55288.000000,54,29188.843853,211278147.179916,13.339613,7.209016,3,0,5,124
402,157113.000000,42889.000000,57,29108.590111,310810157.338638,14.290630,5.249024,3,0,5,124
403,155179.000000,44823.000000,51,33617.463823,425573680.135912,15.665304,4.475913,3,0,5,134
404,146173.000000,53829.000000,52,28804.824101,303282714.013480,15.746284,4.542273,3,0,5,141
405,131600.000000,68402.000000,36,28547.607523,426944076.061268,16.397443,4.084550,3,0,5,150
406,155619.000000,44383.000000,55,28963.193605,421119004.631822,17.124167,3.465027,3,0,5,118
407,134741.000000,65261.000000,46,31406.293879,373715741.216315,16.814575,3.757243,3,0,5,132
408,137725.000000,62277.000000,48,23548.563882,266711764.678389,19.028562,3.329857,3,0,5,114
409,133334.000000,66668.000000,38,30411.157397,374875601.413106,19.257184,3.121962,3,0,5,132
410,140694.000000,59308.000000,44,30077.480382,373214232.694791,17.586520,3.072705,3,0,5,132
411,147955.000000,52047.000000,42,26423.475203,355659490.633684,17.601280,3.213391,3,0,5,116
412,139150.000000,60852.000000,52,30179.889921,281333520.762438,16.399308,6.452677,4,0,5,127
413,124630.000000,75372.000000,33,19522.391020,223493379.302165,15.888489,5.335267,4,0,5,139
414,136740.000000,63262.000000,46,27813.905503,346378372.417898,17.458846,4.596165,4,0,5,152
415,146086.000000,53916.000000,52,22276.922283,311569571.080148,16.382905,5.205146,4,0,5,107
416,128115.000000,71887.000000,40,22005.817046,178838302.731202,19.241107,6.406046,4,0,5,135
417,127468.000000,72534.000000,40,28889.348503,340752164.928131,21.328694,4.452982,4,0,5,103
418,131885.000000,68117.000000,35,18952.571334,333321603.550733,19.689516,4.471076,4,0,5,118
419,146777.000000,53225.000000,52,8424.837265,44562039.770764,22.448925,4.087162,4,0,5,90
420,147021.000000,52981.000000,57,14360.302113,156835953.311775,15.362790,8.880493,4,0,4,115
421,144620.000000,55382.000000,57,29010.952717,357017196.733311,16.073616,12.131952,4,0,4,122
422,142426.000000,57576.000000,51,23766.080936,257449865.199073,16.316522,7.483192,4,0,4,95
423,139753.000000,60249.000000,52,3889.945494,11673115.749170,18.380977,6.417923,4,0,4,113
424,116286.000000,83716.000000,34,10578.118805,143594834.158345,16.690411,5.650845,4,0,4,137
425,130332.000000,69670.000000,44,4809.138065,15787521.775772,20.198833,8.378762,3,0,4,113
426,135455.000000,64547.000000,49,4116.804948,33707629.772630,16.178611,9.967283,3,0,4,110
427,139095.000000,60907.000000,51,4000.548532,10124348.978140,18.434681,9.562034,3,0,4,109
428,127724.000000,72278.000000,44,9680.381224,121188247.430013,18.263020,9.540910,3,0,4,107
429,138958.000000,61044.000000,57,9102.193255,86588373.104053,18.621996,14.662012,3,0,4,112
430,152193.000000,47809.000000,61,5105.362305,70249675.272133,17.511962,15.420299,3,0,4,118
431,118611.000000,81391.000000,37,19881.715731,362558388.576931,16.071309,12.886391,3,0,4,153
432,134947.000000,65055.000000,47,14850.807488,376745233.628559,17.404550,13.545859,3,0,4,128
433,132795.000000,67207.000000,48,4946.974968,22704482.791802,20.069780,8.385132,3,0,4,115
434,141026.000000,58976.000000,54,14071.888520,144299665.221741,16.189148,14.604667,3,0,4,129
435,157094.000000,42908.000000,63,5137.338439,29005313.583497,16.706062,9.375240,3,0,4,112
436,140171.000000,59831.000000,49,4792.854816,11231078.977264,18.477696,10.317284,3,0,4,116
437,146246.000000,53756.000000,50,3151.851689,5826640.919605,18.094693,10.561474,3,0,4,113
438,138889.000000,61113.000000,57,6998.487661,22081676.106078,18.752398,10.286773,3,0,4,119
439,129278.000000,70724.000000,44,4415.020348,17599606.487350,18.638114,7.358062,3,0,4,126
440,142316.000000,57686.000000,53,4468.996326,11924070.438403,18.698027,13.203958,3,0,4,110
441,129909.000000,70093.000000,40,12414.209866,86120043.635156,19.635604,8.240125,3,0,4,110
442,136437.000000,63565.000000,42,5432.254201,23572796.313786,18.087788,8.815468,3,0,4,120
443,134013.000000,65989.000000,45,3943.125710,12582240.090730,17.794408,6.778997,3,0,4,127
444,119673.000000,80329.000000,35,4341.870604,14679001.080248,18.804377,8.172540,3,0,4,144
445,145042.000000,54960.000000,53,4443.849671,14546706.392239,18.905425,8.843126,3,0,4,111
446,142459.000000,57543.000000,52,3723.889725,16075820.101839,17.984433,8.645714,3,0,4,117
447,149310.000000,50692.000000,59,4873.824159,18299107.852241,19.156311,9.464197,3,0,4,107
448,145353.000000,54649.000000,54,6118.801671,30252774.614039,16.486756,7.507256,3,0,4,139
449,141639.000000,58363.000000,49,5608.568524,26743562.824411,18.366574,7.685650,3,0,4,137
450,157759.000000,42243.000000,63,3099.620905,5045429.242373,18.302861,8.672521,3,0,4,106
451,123515.000000,76487.000000,36,6377.678659,65078176.534894,20.941637,7.283155,3,0,4,115
452,102587.000000,97415.000000,18,2892.283872,6061474.308327,22.100186,4.772471,3,0,4,146
453,144312.000000,55690.000000,51,3373.951424,12489688.733177,19.542028,7.532642,3,0,5,111
454,130136.000000,69866.000000,32,5352.243036,22357344.659006,20.541117,6.527466,3,0,5,142
455,158658.000000,41344.000000,58,2218.099017,2635087.407894,18.042952,9.324951,3,0,5,107
456,150125.000000,49877.000000,58,2547.180528,14707870.232946,18.882998,8.475926,3,0,5,111
457,154599.000000,45403.000000,56,1907.734983,1603220.240691,18.660718,8.459868,3,0,5,107
458,124986.000000,75016.000000,45,1892.690974,2310706.373466,21.230113,7.018236,3,0,5,101
459,139562.000000,60440.000000,48,2149.800414,3333085.986040,19.462009,10.170522,3,0,5,118
460,143472.000000,56530.000000,53,3395.149788,6518718.597695,20.782967,8.135425,3,0,5,99
461,158235.000000,41767.000000,65,1763.889964,1354901.230883,18.767262,8.527745,3,0,5,101
462,143463.000000,56539.000000,52,2462.289262,4959815.267782,20.487310,9.589359,3,0,5,94
463,150683.000000,49319.000000,61,1748.565226,825301.290504,20.230889,7.253637,3,0,5,101
464,138538.000000,61464.000000,47,3564.709104,21926468.876154,19.817887,6.428786,3,0,5,136
465,139578.000000,60424.000000,47,3937.846159,35337809.995811,19.061913,9.688382,3,0,5,130
466,134365.000000,65637.000000,44,2412.345217,2720916.849026,17.912786,10.146556,3,0,5,131
467,135831.000000,64171.000000,47,3571.263044,15184308.285409,19.326433,10.125052,3,0,5,110
468,131358.000000,68644.000000,44,1708.723342,5606637.956347,20.322521,9.425568,3,0,5,119
469,155701.000000,44301.000000,63,2371.000124,2347906.094490,17.762066,13.241263,3,0,5,92
470,149586.000000,50416.000000,59,2834.716307,7644718.631861,17.903689,8.913760,3,0,5,128
471,140794.000000,59208.000000,53,3848.228496,17054905.869863,18.791984,9.477550,3,0,5,114
472,145036.000000,54966.000000,53,2857.049939,6359485.060243,18.026221,9.375084,3,0,5,122
473,139530.000000,60472.000000,53,1967.850196,1805700.695142,18.756705,11.035767,3,0,5,105
474,127228.000000,72774.000000,42,2389.506537,3490293.155497,21.240234,10.541564,3,0,5,111
475,135935.000000,64067.000000,50,1909.520203,2166499.926344,19.873132,7.687458,3,0,5,102
476,140858.000000,59144.000000,53,2574.020305,3236798.542746,18.681621,8.902050,3,0,5,119
477,144733.000000,55269.000000,59,1676.361410,1144984.555607,18.385241,10.730760,3,0,5,104
478,150180.000000,49822.000000,61,1806.206037,1290951.694312,17.700091,14.324033,3,0,5,91
479,159242.000000,40760.000000,69,1964.945995,1523399.402493,18.371784,14.080772,3,0,5,67
480,166134.000000,33868.000000,73,3236.856285,11998313.395252,14.933357,16.955747,4,0,5,99
481,167183.000000,32819.000000,75,3589.431521,10516462.215101,13.445736,11.170466,4,0,5,90
482,149095.000000,50907.000000,66,5692.620901,23622755.094075,13.565631,25.396864,4,0,5,88
483,158454.000000,41548.000000,71,3734.740868,64180217.640236,15.219740,19.265448,4,0,5,75
484,168003.000000,31999.000000,74,3231.372312,9640938.957914,14.217745,13.740175,4,0,5,104
485,155896.000000,44106.000000,66,3257.931482,9810965.259880,15.467960,12.543174,4,0,5,117
486,155187.000000,44815.000000,66,3019.437883,7444090.711007,15.577439,12.007397,4,0,5,88
487,145082.000000,54920.000000,56,2634.718058,3096432.698755,16.167249,17.722362,4,0,5,92
488,161163.000000,38839.000000,72,3178.743273,7342905.642514,14.429876,19.162994,4,0,5,79
489,160924.000000,39078.000000,74,2300.985669,4301833.165003,14.667696,15.802306,4,0,5,104
490,151689.000000,48313.000000,66,2232.531013,3554180.706381,15.412958,14.895028,4,0,5,125
491,157970.000000,42032.000000,70,7096.658528,65089425.244739,13.226874,20.987389,4,0,5,100
492,159524.000000,40478.000000,75,2932.833133,3590474.959443,14.336431,15.320037,4,0,5,87
493,159876.000000,40126.000000,68,7939.670431,92133211.684814,14.828943,21.807106,4,0,5,86
494,152594.000000,47408.000000,67,5112.298686,22759804.728511,14.425249,16.186716,4,0,5,103
495,158708.000000,41294.000000,69,1943.057900,1845201.760164,16.472053,12.876041,4,0,5,99
496,158087.000000,41915.000000,69,2811.196523,5070347.982415,15.348872,14.654429,4,0,5,120
497,167800.000000,32202.000000,79,3151.803938,8200415.663468,14.002963,14.999943,4,0,5,108
498,160344.000000,39658.000000,72,4603.190628,15026699.911041,14.987547,10.121307,4,0,5,114
